[2024-07-25 11:56:37] production.ERROR: SQLSTATE[HY000] [2002] No connection could be made because the target machine actively refused it (SQL: select * from `general_settings` limit 1) {"exception":"[object] (Illuminate\\Database\\QueryException(code: 2002): SQLSTATE[HY000] [2002] No connection could be made because the target machine actively refused it (SQL: select * from `general_settings` limit 1) at D:\\PROJECTS\\WORKING_PROJECTS\\loanV2\\vendor\\laravel\\framework\\src\\Illuminate\\Database\\Connection.php:760)
[stacktrace]
#0 D:\\PROJECTS\\WORKING_PROJECTS\\loanV2\\vendor\\laravel\\framework\\src\\Illuminate\\Database\\Connection.php(720): Illuminate\\Database\\Connection->runQueryCallback('select * from `...', Array, Object(Closure))
#1 D:\\PROJECTS\\WORKING_PROJECTS\\loanV2\\vendor\\laravel\\framework\\src\\Illuminate\\Database\\Connection.php(405): Illuminate\\Database\\Connection->run('select * from `...', Array, Object(Closure))
#2 D:\\PROJECTS\\WORKING_PROJECTS\\loanV2\\vendor\\laravel\\framework\\src\\Illuminate\\Database\\Query\\Builder.php(2705): Illuminate\\Database\\Connection->select('select * from `...', Array, true)
#3 D:\\PROJECTS\\WORKING_PROJECTS\\loanV2\\vendor\\laravel\\framework\\src\\Illuminate\\Database\\Query\\Builder.php(2694): Illuminate\\Database\\Query\\Builder->runSelect()
#4 D:\\PROJECTS\\WORKING_PROJECTS\\loanV2\\vendor\\laravel\\framework\\src\\Illuminate\\Database\\Query\\Builder.php(3230): Illuminate\\Database\\Query\\Builder->Illuminate\\Database\\Query\\{closure}()
#5 D:\\PROJECTS\\WORKING_PROJECTS\\loanV2\\vendor\\laravel\\framework\\src\\Illuminate\\Database\\Query\\Builder.php(2693): Illuminate\\Database\\Query\\Builder->onceWithColumns(Array, Object(Closure))
#6 D:\\PROJECTS\\WORKING_PROJECTS\\loanV2\\vendor\\laravel\\framework\\src\\Illuminate\\Database\\Eloquent\\Builder.php(710): Illuminate\\Database\\Query\\Builder->get(Array)
#7 D:\\PROJECTS\\WORKING_PROJECTS\\loanV2\\vendor\\laravel\\framework\\src\\Illuminate\\Database\\Eloquent\\Builder.php(694): Illuminate\\Database\\Eloquent\\Builder->getModels(Array)
#8 D:\\PROJECTS\\WORKING_PROJECTS\\loanV2\\vendor\\laravel\\framework\\src\\Illuminate\\Database\\Concerns\\BuildsQueries.php(296): Illuminate\\Database\\Eloquent\\Builder->get(Array)
#9 D:\\PROJECTS\\WORKING_PROJECTS\\loanV2\\vendor\\laravel\\framework\\src\\Illuminate\\Support\\Traits\\ForwardsCalls.php(23): Illuminate\\Database\\Eloquent\\Builder->first()
#10 D:\\PROJECTS\\WORKING_PROJECTS\\loanV2\\vendor\\laravel\\framework\\src\\Illuminate\\Database\\Eloquent\\Model.php(2330): Illuminate\\Database\\Eloquent\\Model->forwardCallTo(Object(Illuminate\\Database\\Eloquent\\Builder), 'first', Array)
#11 D:\\PROJECTS\\WORKING_PROJECTS\\loanV2\\vendor\\laravel\\framework\\src\\Illuminate\\Database\\Eloquent\\Model.php(2342): Illuminate\\Database\\Eloquent\\Model->__call('first', Array)
#12 D:\\PROJECTS\\WORKING_PROJECTS\\loanV2\\app\\Http\\Helpers\\helpers.php(368): Illuminate\\Database\\Eloquent\\Model::__callStatic('first', Array)
#13 D:\\PROJECTS\\WORKING_PROJECTS\\loanV2\\app\\Providers\\AppServiceProvider.php(47): gs()
#14 D:\\PROJECTS\\WORKING_PROJECTS\\loanV2\\vendor\\laravel\\framework\\src\\Illuminate\\Container\\BoundMethod.php(36): App\\Providers\\AppServiceProvider->boot()
#15 D:\\PROJECTS\\WORKING_PROJECTS\\loanV2\\vendor\\laravel\\framework\\src\\Illuminate\\Container\\Util.php(41): Illuminate\\Container\\BoundMethod::Illuminate\\Container\\{closure}()
#16 D:\\PROJECTS\\WORKING_PROJECTS\\loanV2\\vendor\\laravel\\framework\\src\\Illuminate\\Container\\BoundMethod.php(93): Illuminate\\Container\\Util::unwrapIfClosure(Object(Closure))
#17 D:\\PROJECTS\\WORKING_PROJECTS\\loanV2\\vendor\\laravel\\framework\\src\\Illuminate\\Container\\BoundMethod.php(35): Illuminate\\Container\\BoundMethod::callBoundMethod(Object(Illuminate\\Foundation\\Application), Array, Object(Closure))
#18 D:\\PROJECTS\\WORKING_PROJECTS\\loanV2\\vendor\\laravel\\framework\\src\\Illuminate\\Container\\Container.php(661): Illuminate\\Container\\BoundMethod::call(Object(Illuminate\\Foundation\\Application), Array, Array, NULL)
#19 D:\\PROJECTS\\WORKING_PROJECTS\\loanV2\\vendor\\laravel\\framework\\src\\Illuminate\\Foundation\\Application.php(929): Illuminate\\Container\\Container->call(Array)
#20 D:\\PROJECTS\\WORKING_PROJECTS\\loanV2\\vendor\\laravel\\framework\\src\\Illuminate\\Foundation\\Application.php(910): Illuminate\\Foundation\\Application->bootProvider(Object(App\\Providers\\AppServiceProvider))
#21 [internal function]: Illuminate\\Foundation\\Application->Illuminate\\Foundation\\{closure}(Object(App\\Providers\\AppServiceProvider), 32)
#22 D:\\PROJECTS\\WORKING_PROJECTS\\loanV2\\vendor\\laravel\\framework\\src\\Illuminate\\Foundation\\Application.php(909): array_walk(Array, Object(Closure))
#23 D:\\PROJECTS\\WORKING_PROJECTS\\loanV2\\vendor\\laravel\\framework\\src\\Illuminate\\Foundation\\Bootstrap\\BootProviders.php(17): Illuminate\\Foundation\\Application->boot()
#24 D:\\PROJECTS\\WORKING_PROJECTS\\loanV2\\vendor\\laravel\\framework\\src\\Illuminate\\Foundation\\Application.php(242): Illuminate\\Foundation\\Bootstrap\\BootProviders->bootstrap(Object(Illuminate\\Foundation\\Application))
#25 D:\\PROJECTS\\WORKING_PROJECTS\\loanV2\\vendor\\laravel\\framework\\src\\Illuminate\\Foundation\\Console\\Kernel.php(383): Illuminate\\Foundation\\Application->bootstrapWith(Array)
#26 D:\\PROJECTS\\WORKING_PROJECTS\\loanV2\\vendor\\laravel\\framework\\src\\Illuminate\\Foundation\\Console\\Kernel.php(153): Illuminate\\Foundation\\Console\\Kernel->bootstrap()
#27 D:\\PROJECTS\\WORKING_PROJECTS\\loanV2\\artisan(35): Illuminate\\Foundation\\Console\\Kernel->handle(Object(Symfony\\Component\\Console\\Input\\ArgvInput), Object(Symfony\\Component\\Console\\Output\\ConsoleOutput))
#28 {main}

[previous exception] [object] (PDOException(code: 2002): SQLSTATE[HY000] [2002] No connection could be made because the target machine actively refused it at D:\\PROJECTS\\WORKING_PROJECTS\\loanV2\\vendor\\laravel\\framework\\src\\Illuminate\\Database\\Connectors\\Connector.php:70)
[stacktrace]
#0 D:\\PROJECTS\\WORKING_PROJECTS\\loanV2\\vendor\\laravel\\framework\\src\\Illuminate\\Database\\Connectors\\Connector.php(70): PDO->__construct('mysql:host=127....', 'root', Object(SensitiveParameterValue), Array)
#1 D:\\PROJECTS\\WORKING_PROJECTS\\loanV2\\vendor\\laravel\\framework\\src\\Illuminate\\Database\\Connectors\\Connector.php(45): Illuminate\\Database\\Connectors\\Connector->createPdoConnection('mysql:host=127....', 'root', '', Array)
#2 D:\\PROJECTS\\WORKING_PROJECTS\\loanV2\\vendor\\laravel\\framework\\src\\Illuminate\\Database\\Connectors\\MySqlConnector.php(24): Illuminate\\Database\\Connectors\\Connector->createConnection('mysql:host=127....', Array, Array)
#3 D:\\PROJECTS\\WORKING_PROJECTS\\loanV2\\vendor\\laravel\\framework\\src\\Illuminate\\Database\\Connectors\\ConnectionFactory.php(184): Illuminate\\Database\\Connectors\\MySqlConnector->connect(Array)
#4 [internal function]: Illuminate\\Database\\Connectors\\ConnectionFactory->Illuminate\\Database\\Connectors\\{closure}()
#5 D:\\PROJECTS\\WORKING_PROJECTS\\loanV2\\vendor\\laravel\\framework\\src\\Illuminate\\Database\\Connection.php(1181): call_user_func(Object(Closure))
#6 D:\\PROJECTS\\WORKING_PROJECTS\\loanV2\\vendor\\laravel\\framework\\src\\Illuminate\\Database\\Connection.php(1217): Illuminate\\Database\\Connection->getPdo()
#7 D:\\PROJECTS\\WORKING_PROJECTS\\loanV2\\vendor\\laravel\\framework\\src\\Illuminate\\Database\\Connection.php(486): Illuminate\\Database\\Connection->getReadPdo()
#8 D:\\PROJECTS\\WORKING_PROJECTS\\loanV2\\vendor\\laravel\\framework\\src\\Illuminate\\Database\\Connection.php(414): Illuminate\\Database\\Connection->getPdoForSelect(true)
#9 D:\\PROJECTS\\WORKING_PROJECTS\\loanV2\\vendor\\laravel\\framework\\src\\Illuminate\\Database\\Connection.php(753): Illuminate\\Database\\Connection->Illuminate\\Database\\{closure}('select * from `...', Array)
#10 D:\\PROJECTS\\WORKING_PROJECTS\\loanV2\\vendor\\laravel\\framework\\src\\Illuminate\\Database\\Connection.php(720): Illuminate\\Database\\Connection->runQueryCallback('select * from `...', Array, Object(Closure))
#11 D:\\PROJECTS\\WORKING_PROJECTS\\loanV2\\vendor\\laravel\\framework\\src\\Illuminate\\Database\\Connection.php(405): Illuminate\\Database\\Connection->run('select * from `...', Array, Object(Closure))
#12 D:\\PROJECTS\\WORKING_PROJECTS\\loanV2\\vendor\\laravel\\framework\\src\\Illuminate\\Database\\Query\\Builder.php(2705): Illuminate\\Database\\Connection->select('select * from `...', Array, true)
#13 D:\\PROJECTS\\WORKING_PROJECTS\\loanV2\\vendor\\laravel\\framework\\src\\Illuminate\\Database\\Query\\Builder.php(2694): Illuminate\\Database\\Query\\Builder->runSelect()
#14 D:\\PROJECTS\\WORKING_PROJECTS\\loanV2\\vendor\\laravel\\framework\\src\\Illuminate\\Database\\Query\\Builder.php(3230): Illuminate\\Database\\Query\\Builder->Illuminate\\Database\\Query\\{closure}()
#15 D:\\PROJECTS\\WORKING_PROJECTS\\loanV2\\vendor\\laravel\\framework\\src\\Illuminate\\Database\\Query\\Builder.php(2693): Illuminate\\Database\\Query\\Builder->onceWithColumns(Array, Object(Closure))
#16 D:\\PROJECTS\\WORKING_PROJECTS\\loanV2\\vendor\\laravel\\framework\\src\\Illuminate\\Database\\Eloquent\\Builder.php(710): Illuminate\\Database\\Query\\Builder->get(Array)
#17 D:\\PROJECTS\\WORKING_PROJECTS\\loanV2\\vendor\\laravel\\framework\\src\\Illuminate\\Database\\Eloquent\\Builder.php(694): Illuminate\\Database\\Eloquent\\Builder->getModels(Array)
#18 D:\\PROJECTS\\WORKING_PROJECTS\\loanV2\\vendor\\laravel\\framework\\src\\Illuminate\\Database\\Concerns\\BuildsQueries.php(296): Illuminate\\Database\\Eloquent\\Builder->get(Array)
#19 D:\\PROJECTS\\WORKING_PROJECTS\\loanV2\\vendor\\laravel\\framework\\src\\Illuminate\\Support\\Traits\\ForwardsCalls.php(23): Illuminate\\Database\\Eloquent\\Builder->first()
#20 D:\\PROJECTS\\WORKING_PROJECTS\\loanV2\\vendor\\laravel\\framework\\src\\Illuminate\\Database\\Eloquent\\Model.php(2330): Illuminate\\Database\\Eloquent\\Model->forwardCallTo(Object(Illuminate\\Database\\Eloquent\\Builder), 'first', Array)
#21 D:\\PROJECTS\\WORKING_PROJECTS\\loanV2\\vendor\\laravel\\framework\\src\\Illuminate\\Database\\Eloquent\\Model.php(2342): Illuminate\\Database\\Eloquent\\Model->__call('first', Array)
#22 D:\\PROJECTS\\WORKING_PROJECTS\\loanV2\\app\\Http\\Helpers\\helpers.php(368): Illuminate\\Database\\Eloquent\\Model::__callStatic('first', Array)
#23 D:\\PROJECTS\\WORKING_PROJECTS\\loanV2\\app\\Providers\\AppServiceProvider.php(47): gs()
#24 D:\\PROJECTS\\WORKING_PROJECTS\\loanV2\\vendor\\laravel\\framework\\src\\Illuminate\\Container\\BoundMethod.php(36): App\\Providers\\AppServiceProvider->boot()
#25 D:\\PROJECTS\\WORKING_PROJECTS\\loanV2\\vendor\\laravel\\framework\\src\\Illuminate\\Container\\Util.php(41): Illuminate\\Container\\BoundMethod::Illuminate\\Container\\{closure}()
#26 D:\\PROJECTS\\WORKING_PROJECTS\\loanV2\\vendor\\laravel\\framework\\src\\Illuminate\\Container\\BoundMethod.php(93): Illuminate\\Container\\Util::unwrapIfClosure(Object(Closure))
#27 D:\\PROJECTS\\WORKING_PROJECTS\\loanV2\\vendor\\laravel\\framework\\src\\Illuminate\\Container\\BoundMethod.php(35): Illuminate\\Container\\BoundMethod::callBoundMethod(Object(Illuminate\\Foundation\\Application), Array, Object(Closure))
#28 D:\\PROJECTS\\WORKING_PROJECTS\\loanV2\\vendor\\laravel\\framework\\src\\Illuminate\\Container\\Container.php(661): Illuminate\\Container\\BoundMethod::call(Object(Illuminate\\Foundation\\Application), Array, Array, NULL)
#29 D:\\PROJECTS\\WORKING_PROJECTS\\loanV2\\vendor\\laravel\\framework\\src\\Illuminate\\Foundation\\Application.php(929): Illuminate\\Container\\Container->call(Array)
#30 D:\\PROJECTS\\WORKING_PROJECTS\\loanV2\\vendor\\laravel\\framework\\src\\Illuminate\\Foundation\\Application.php(910): Illuminate\\Foundation\\Application->bootProvider(Object(App\\Providers\\AppServiceProvider))
#31 [internal function]: Illuminate\\Foundation\\Application->Illuminate\\Foundation\\{closure}(Object(App\\Providers\\AppServiceProvider), 32)
#32 D:\\PROJECTS\\WORKING_PROJECTS\\loanV2\\vendor\\laravel\\framework\\src\\Illuminate\\Foundation\\Application.php(909): array_walk(Array, Object(Closure))
#33 D:\\PROJECTS\\WORKING_PROJECTS\\loanV2\\vendor\\laravel\\framework\\src\\Illuminate\\Foundation\\Bootstrap\\BootProviders.php(17): Illuminate\\Foundation\\Application->boot()
#34 D:\\PROJECTS\\WORKING_PROJECTS\\loanV2\\vendor\\laravel\\framework\\src\\Illuminate\\Foundation\\Application.php(242): Illuminate\\Foundation\\Bootstrap\\BootProviders->bootstrap(Object(Illuminate\\Foundation\\Application))
#35 D:\\PROJECTS\\WORKING_PROJECTS\\loanV2\\vendor\\laravel\\framework\\src\\Illuminate\\Foundation\\Console\\Kernel.php(383): Illuminate\\Foundation\\Application->bootstrapWith(Array)
#36 D:\\PROJECTS\\WORKING_PROJECTS\\loanV2\\vendor\\laravel\\framework\\src\\Illuminate\\Foundation\\Console\\Kernel.php(153): Illuminate\\Foundation\\Console\\Kernel->bootstrap()
#37 D:\\PROJECTS\\WORKING_PROJECTS\\loanV2\\artisan(35): Illuminate\\Foundation\\Console\\Kernel->handle(Object(Symfony\\Component\\Console\\Input\\ArgvInput), Object(Symfony\\Component\\Console\\Output\\ConsoleOutput))
#38 {main}
"} 
